<?xml version="1.0" encoding="UTF-8"?>
<testsuite name="TriangleTest" tests="7" skipped="0" failures="0" errors="0" timestamp="2021-06-16T17:53:34" hostname="DESKTOP-46PPTH" time="0.007">
  <properties/>
  <testcase name="test1" classname="TriangleTest" time="0.005"/>
  <testcase name="test2" classname="TriangleTest" time="0.0"/>
  <testcase name="test3" classname="TriangleTest" time="0.0"/>
  <testcase name="test4" classname="TriangleTest" time="0.0"/>
  <testcase name="test5" classname="TriangleTest" time="0.0"/>
  <testcase name="test6" classname="TriangleTest" time="0.0"/>
  <testcase name="test7" classname="TriangleTest" time="0.0"/>
  <system-out><![CDATA[]]></system-out>
  <system-err><![CDATA[]]></system-err>
</testsuite>
